<?xml version="1.0" encoding="UTF-8"?>
<!-- Generated by org.testng.reporters.JUnitReportReporter -->
<testsuite hostname="pendu-PC" name="amazon.SearchPenDrive" tests="1" failures="0" timestamp="5 Mar 2018 17:20:50 GMT" time="41.783" errors="0">
  <testcase name="searchProduct" time="41.783" classname="amazon.SearchPenDrive"/>
</testsuite> <!-- amazon.SearchPenDrive -->
